[html.kodesolution.com/2015/charityfund-html/demo/index-mp-layout4.html]
[backblue.gif]
[fade.gif]
[index.html]
[html.kodesolution.com/2015/charityfund-html/demo/images/favicon.png]
[html.kodesolution.com/2015/charityfund-html/demo/images/apple-touch-icon.png]
[html.kodesolution.com/2015/charityfund-html/demo/images/apple-touch-icon-72x72.png]
[html.kodesolution.com/2015/charityfund-html/demo/images/apple-touch-icon-114x114.png]
[html.kodesolution.com/2015/charityfund-html/demo/images/apple-touch-icon-144x144.png]
[html.kodesolution.com/2015/charityfund-html/demo/css/bootstrap.min.css]
[html.kodesolution.com/2015/charityfund-html/demo/css/jquery-ui.min.css]
[html.kodesolution.com/2015/charityfund-html/demo/css/animate.css]
[html.kodesolution.com/2015/charityfund-html/demo/css/css-plugin-collections.css]
[html.kodesolution.com/2015/charityfund-html/demo/css/menuzord-skins/menuzord-boxed.css]
[html.kodesolution.com/2015/charityfund-html/demo/css/style-main.css]
[html.kodesolution.com/2015/charityfund-html/demo/css/preloader.css]
[html.kodesolution.com/2015/charityfund-html/demo/css/custom-bootstrap-margin-padding.css]
[html.kodesolution.com/2015/charityfund-html/demo/css/responsive.css]
[html.kodesolution.com/2015/charityfund-html/demo/css/colors/theme-skin-yellow.css]
[html.kodesolution.com/2015/charityfund-html/demo/js/jquery-2.2.0.min.js]
[html.kodesolution.com/2015/charityfund-html/demo/js/jquery-ui.min.js]
[html.kodesolution.com/2015/charityfund-html/demo/js/bootstrap.min.js]
[html.kodesolution.com/2015/charityfund-html/demo/js/jquery-plugin-collection.js]
[ajax.cloudflare.com/cdn-cgi/scripts/04b3eb47/cloudflare-static/mirage2.min.js]
[html.kodesolution.com/2015/charityfund-html/demo/images/logo-wide.png]
[html.kodesolution.com/2015/charityfund-html/demo/index-mp-layout1.html]
[html.kodesolution.com/2015/charityfund-html/demo/index-mp-layout2.html]
[html.kodesolution.com/2015/charityfund-html/demo/index-mp-layout3.html]
[html.kodesolution.com/2015/charityfund-html/demo/index-mp-layout5.html]
[html.kodesolution.com/2015/charityfund-html/demo/index-mp-layout6.html]
[html.kodesolution.com/2015/charityfund-html/demo/index-mp-layout7.html]
[html.kodesolution.com/2015/charityfund-html/demo/index-mp-layout8.html]
[html.kodesolution.com/2015/charityfund-html/demo/index-sp-layout1.html]
[html.kodesolution.com/2015/charityfund-html/demo/index-sp-layout2.html]
[html.kodesolution.com/2015/charityfund-html/demo/index-sp-layout3.html]
[html.kodesolution.com/2015/charityfund-html/demo/index-sp-layout4.html]
[html.kodesolution.com/2015/charityfund-html/demo/index-sp-layout5.html]
[html.kodesolution.com/2015/charityfund-html/demo/index-sp-layout6.html]
[html.kodesolution.com/2015/charityfund-html/demo/index-sp-layout7.html]
[html.kodesolution.com/2015/charityfund-html/demo/index-sp-layout8.html]
[html.kodesolution.com/2015/charityfund-html/demo/index-boxed-mp-layout1.html]
[html.kodesolution.com/2015/charityfund-html/demo/index-boxed-mp-layout2.html]
[html.kodesolution.com/2015/charityfund-html/demo/index-boxed-mp-layout3.html]
[html.kodesolution.com/2015/charityfund-html/demo/index-boxed-mp-layout4.html]
[html.kodesolution.com/2015/charityfund-html/demo/index-boxed-mp-layout5.html]
[html.kodesolution.com/2015/charityfund-html/demo/index-boxed-mp-layout6.html]
[html.kodesolution.com/2015/charityfund-html/demo/index-boxed-mp-layout7.html]
[html.kodesolution.com/2015/charityfund-html/demo/index-boxed-mp-layout8.html]
[html.kodesolution.com/2015/charityfund-html/demo/index-boxed-sp-layout1.html]
[html.kodesolution.com/2015/charityfund-html/demo/index-boxed-sp-layout2.html]
[html.kodesolution.com/2015/charityfund-html/demo/index-boxed-sp-layout3.html]
[html.kodesolution.com/2015/charityfund-html/demo/index-boxed-sp-layout4.html]
[html.kodesolution.com/2015/charityfund-html/demo/index-boxed-sp-layout5.html]
[html.kodesolution.com/2015/charityfund-html/demo/index-boxed-sp-layout6.html]
[html.kodesolution.com/2015/charityfund-html/demo/index-boxed-sp-layout7.html]
[html.kodesolution.com/2015/charityfund-html/demo/index-boxed-sp-layout8.html]
[html.kodesolution.com/2015/charityfund-html/demo/index-menu-full-page-mp.html]
[html.kodesolution.com/2015/charityfund-html/demo/index-menu-full-page-sp.html]
[html.kodesolution.com/2015/charityfund-html/demo/index-vertical-nav-layout-mp.html]
[html.kodesolution.com/2015/charityfund-html/demo/index-vertical-nav-layout-sp.html]
[html.kodesolution.com/2015/charityfund-html/demo/index-hot-magazine-home-layout1.html]
[html.kodesolution.com/2015/charityfund-html/demo/index-hot-magazine-home-layout2.html]
[html.kodesolution.com/2015/charityfund-html/demo/index-hot-portfolio-presentation-layout1.html]
[html.kodesolution.com/2015/charityfund-html/demo/index-hot-portfolio-presentation-layout2.html]
[html.kodesolution.com/2015/charityfund-html/demo/index-hot-portfolio-presentation-layout3.html]
[html.kodesolution.com/2015/charityfund-html/demo/index-hot-slider-fullpage-home.html]
[html.kodesolution.com/2015/charityfund-html/demo/index-hot-parallax-home-layout1.html]
[html.kodesolution.com/2015/charityfund-html/demo/index-hot-parallax-home-layout2.html]
[html.kodesolution.com/2015/charityfund-html/demo/index-hot-personal-home-layout1.html]
[html.kodesolution.com/2015/charityfund-html/demo/index-hot-personal-home-layout2.html]
[html.kodesolution.com/2015/charityfund-html/demo/index-hot-personal-home-layout3.html]
[html.kodesolution.com/2015/charityfund-html/demo/index-hot-shop-home.html]
[html.kodesolution.com/2015/charityfund-html/demo/index-hot-slider-split-home-layout1.html]
[html.kodesolution.com/2015/charityfund-html/demo/index-hot-slider-split-home-layout2.html]
[html.kodesolution.com/2015/charityfund-html/demo/index-hot-vertical-rev-slider-home-layout1.html]
[html.kodesolution.com/2015/charityfund-html/demo/index-hot-vertical-rev-slider-home-layout2.html]
[html.kodesolution.com/2015/charityfund-html/demo/index-home-variation-revslider-style1.html]
[html.kodesolution.com/2015/charityfund-html/demo/index-home-variation-revslider-style2.html]
[html.kodesolution.com/2015/charityfund-html/demo/index-home-variation-revslider-style3.html]
[html.kodesolution.com/2015/charityfund-html/demo/index-home-variation-layerslider.html]
[html.kodesolution.com/2015/charityfund-html/demo/index-home-variation-maximageslider-style1.html]
[html.kodesolution.com/2015/charityfund-html/demo/index-home-variation-maximageslider-style2.html]
[html.kodesolution.com/2015/charityfund-html/demo/index-home-variation-maximageslider-style3.html]
[html.kodesolution.com/2015/charityfund-html/demo/index-home-variation-owl-carousel.html]
[html.kodesolution.com/2015/charityfund-html/demo/index-home-variation-typed-text.html]
[html.kodesolution.com/2015/charityfund-html/demo/index-home-variation-video-background.html]
[html.kodesolution.com/2015/charityfund-html/demo/index-home-variation-html5-video.html]
[html.kodesolution.com/2015/charityfund-html/demo/index-home-variation-bg-image-parallax.html]
[html.kodesolution.com/2015/charityfund-html/demo/index-home-variation-bg-static.html]
[html.kodesolution.com/2015/charityfund-html/demo/index-home-variation-appointment-form-style1.html]
[html.kodesolution.com/2015/charityfund-html/demo/index-home-variation-appointment-form-style2.html]
[html.kodesolution.com/2015/charityfund-html/demo/index-dark-mp-layout1.html]
[html.kodesolution.com/2015/charityfund-html/demo/index-dark-mp-layout2.html]
[html.kodesolution.com/2015/charityfund-html/demo/index-dark-mp-layout3.html]
[html.kodesolution.com/2015/charityfund-html/demo/index-dark-mp-layout4.html]
[html.kodesolution.com/2015/charityfund-html/demo/index-dark-mp-layout5.html]
[html.kodesolution.com/2015/charityfund-html/demo/index-dark-mp-layout6.html]
[html.kodesolution.com/2015/charityfund-html/demo/index-dark-mp-layout7.html]
[html.kodesolution.com/2015/charityfund-html/demo/index-dark-mp-layout8.html]
[html.kodesolution.com/2015/charityfund-html/demo/index-rtl-mp-layout1.html]
[html.kodesolution.com/2015/charityfund-html/demo/index-rtl-mp-layout2.html]
[html.kodesolution.com/2015/charityfund-html/demo/index-rtl-mp-layout3.html]
[html.kodesolution.com/2015/charityfund-html/demo/index-rtl-mp-layout4.html]
[html.kodesolution.com/2015/charityfund-html/demo/index-rtl-mp-layout5.html]
[html.kodesolution.com/2015/charityfund-html/demo/index-rtl-mp-layout6.html]
[html.kodesolution.com/2015/charityfund-html/demo/index-rtl-mp-layout7.html]
[html.kodesolution.com/2015/charityfund-html/demo/index-rtl-mp-layout8.html]
[html.kodesolution.com/2015/charityfund-html/demo/features-preloader.html]
[html.kodesolution.com/2015/charityfund-html/demo/features-header-style1.html]
[html.kodesolution.com/2015/charityfund-html/demo/features-header-style2.html]
[html.kodesolution.com/2015/charityfund-html/demo/features-header-style3.html]
[html.kodesolution.com/2015/charityfund-html/demo/features-header-style4.html]
[html.kodesolution.com/2015/charityfund-html/demo/features-header-style5.html]
[html.kodesolution.com/2015/charityfund-html/demo/features-header-style6.html]
[html.kodesolution.com/2015/charityfund-html/demo/features-header-style7.html]
[html.kodesolution.com/2015/charityfund-html/demo/features-header-vertical-nav.html]
[html.kodesolution.com/2015/charityfund-html/demo/features-page-title-text-left.html]
[html.kodesolution.com/2015/charityfund-html/demo/features-page-title-text-center.html]
[html.kodesolution.com/2015/charityfund-html/demo/features-page-title-text-right.html]
[html.kodesolution.com/2015/charityfund-html/demo/features-page-title-mini-version.html]
[html.kodesolution.com/2015/charityfund-html/demo/features-page-title-big-version.html]
[html.kodesolution.com/2015/charityfund-html/demo/features-page-title-extra-big-version.html]
[html.kodesolution.com/2015/charityfund-html/demo/features-page-title-bg-white.html]
[html.kodesolution.com/2015/charityfund-html/demo/features-page-title-bg-image.html]
[html.kodesolution.com/2015/charityfund-html/demo/features-page-title-bg-image-parallax.html]
[html.kodesolution.com/2015/charityfund-html/demo/features-page-title-bg-video.html]
[html.kodesolution.com/2015/charityfund-html/demo/features-page-title-full-transparent.html]
[html.kodesolution.com/2015/charityfund-html/demo/features-side-push-panel-left-overlay.html]
[html.kodesolution.com/2015/charityfund-html/demo/features-side-push-panel-left-push.html]
[html.kodesolution.com/2015/charityfund-html/demo/features-side-push-panel-right-overlay.html]
[html.kodesolution.com/2015/charityfund-html/demo/features-side-push-panel-right-push.html]
[html.kodesolution.com/2015/charityfund-html/demo/features-menu-style-border-top.html]
[html.kodesolution.com/2015/charityfund-html/demo/features-menu-style-border-bottom.html]
[html.kodesolution.com/2015/charityfund-html/demo/features-menu-style-border-boxed.html]
[html.kodesolution.com/2015/charityfund-html/demo/features-menu-style-border-left.html]
[html.kodesolution.com/2015/charityfund-html/demo/features-menu-style-border-top-bottom.html]
[html.kodesolution.com/2015/charityfund-html/demo/features-menu-style-bottom-trace.html]
[html.kodesolution.com/2015/charityfund-html/demo/features-menu-style-boxed.html]
[html.kodesolution.com/2015/charityfund-html/demo/features-menu-style-colored.html]
[html.kodesolution.com/2015/charityfund-html/demo/features-menu-style-dark.html]
[html.kodesolution.com/2015/charityfund-html/demo/features-menu-style-gradient.html]
[html.kodesolution.com/2015/charityfund-html/demo/features-menu-style-rounded-boxed.html]
[html.kodesolution.com/2015/charityfund-html/demo/features-menu-style-shadow.html]
[html.kodesolution.com/2015/charityfund-html/demo/features-menu-style-strip.html]
[html.kodesolution.com/2015/charityfund-html/demo/features-menu-style-subcolored.html]
[html.kodesolution.com/2015/charityfund-html/demo/features-menu-style-top-bottom-boxed-border.html]
[html.kodesolution.com/2015/charityfund-html/demo/features-home-revslider.html]
[html.kodesolution.com/2015/charityfund-html/demo/features-rev-slider-premium-templates.html]
[html.kodesolution.com/2015/charityfund-html/demo/features-home-layerslider.html]
[html.kodesolution.com/2015/charityfund-html/demo/features-layerslider-slider-premium-templates.html]
[html.kodesolution.com/2015/charityfund-html/demo/features-home-master-slider-with-animated-layers.html]
[html.kodesolution.com/2015/charityfund-html/demo/features-master-slider-premium-templates.html]
[html.kodesolution.com/2015/charityfund-html/demo/features-home-bg-image-slider.html]
[html.kodesolution.com/2015/charityfund-html/demo/features-home-owl-fullwidth-carousel.html]
[html.kodesolution.com/2015/charityfund-html/demo/features-home-parallax-bg.html]
[html.kodesolution.com/2015/charityfund-html/demo/features-home-video-bg.html]
[html.kodesolution.com/2015/charityfund-html/demo/page-contact1.html]
[html.kodesolution.com/2015/charityfund-html/demo/page-contact2.html]
[html.kodesolution.com/2015/charityfund-html/demo/page-contact3.html]
[html.kodesolution.com/2015/charityfund-html/demo/page-contact4.html]
[html.kodesolution.com/2015/charityfund-html/demo/form-login-register-style1.html]
[html.kodesolution.com/2015/charityfund-html/demo/form-login-register-style2.html]
[html.kodesolution.com/2015/charityfund-html/demo/form-login-style1.html]
[html.kodesolution.com/2015/charityfund-html/demo/form-login-style2.html]
[html.kodesolution.com/2015/charityfund-html/demo/form-login-style3.html]
[html.kodesolution.com/2015/charityfund-html/demo/form-register-style1.html]
[html.kodesolution.com/2015/charityfund-html/demo/form-register-style2.html]
[html.kodesolution.com/2015/charityfund-html/demo/form-register-style3.html]
[html.kodesolution.com/2015/charityfund-html/demo/form-subscribe.html]
[html.kodesolution.com/2015/charityfund-html/demo/form-appointment-style1.html]
[html.kodesolution.com/2015/charityfund-html/demo/form-appointment-style2.html]
[html.kodesolution.com/2015/charityfund-html/demo/form-appointment-style3.html]
[html.kodesolution.com/2015/charityfund-html/demo/form-job-apply-style1.html]
[html.kodesolution.com/2015/charityfund-html/demo/form-job-apply-style2.html]
[html.kodesolution.com/2015/charityfund-html/demo/form-job-apply-style3.html]
[html.kodesolution.com/2015/charityfund-html/demo/form-quick-contact-style1.html]
[html.kodesolution.com/2015/charityfund-html/demo/form-quick-contact-style2.html]
[html.kodesolution.com/2015/charityfund-html/demo/form-quick-contact-style3.html]
[html.kodesolution.com/2015/charityfund-html/demo/form-paypal-donate-onetime-style1.html]
[html.kodesolution.com/2015/charityfund-html/demo/form-paypal-donate-onetime-style2.html]
[html.kodesolution.com/2015/charityfund-html/demo/form-paypal-donate-onetime-style3.html]
[html.kodesolution.com/2015/charityfund-html/demo/form-paypal-donate-onetime-style4.html]
[html.kodesolution.com/2015/charityfund-html/demo/form-paypal-donate-onetime-style5.html]
[html.kodesolution.com/2015/charityfund-html/demo/form-paypal-donate-onetime-style6.html]
[html.kodesolution.com/2015/charityfund-html/demo/form-paypal-donate-onetime-style7.html]
[html.kodesolution.com/2015/charityfund-html/demo/form-paypal-donate-recurring-style1.html]
[html.kodesolution.com/2015/charityfund-html/demo/form-paypal-donate-recurring-style2.html]
[html.kodesolution.com/2015/charityfund-html/demo/form-paypal-donate-recurring-style3.html]
[html.kodesolution.com/2015/charityfund-html/demo/form-paypal-donate-recurring-style4.html]
[html.kodesolution.com/2015/charityfund-html/demo/form-paypal-donate-recurring-style5.html]
[html.kodesolution.com/2015/charityfund-html/demo/form-paypal-donate-both-onetime-recurring-style1.html]
[html.kodesolution.com/2015/charityfund-html/demo/form-paypal-donate-both-onetime-recurring-style2.html]
[html.kodesolution.com/2015/charityfund-html/demo/form-paypal-donate-both-onetime-recurring-style3.html]
[html.kodesolution.com/2015/charityfund-html/demo/form-paypal-donate-both-onetime-recurring-style4.html]
[html.kodesolution.com/2015/charityfund-html/demo/form-paypal-donate-both-onetime-recurring-style5.html]
[html.kodesolution.com/2015/charityfund-html/demo/form-paypal-cart-style1.html]
[html.kodesolution.com/2015/charityfund-html/demo/form-paypal-order-style1.html]
[html.kodesolution.com/2015/charityfund-html/demo/form-paypal-order-style2.html]
[html.kodesolution.com/2015/charityfund-html/demo/features-popup-promo-box.html]
[html.kodesolution.com/2015/charityfund-html/demo/features-popup-promo-box-cookie-enabled.html]
[html.kodesolution.com/2015/charityfund-html/demo/features-footer-dark-style1.html]
[html.kodesolution.com/2015/charityfund-html/demo/features-footer-dark-style2.html]
[html.kodesolution.com/2015/charityfund-html/demo/features-footer-dark-style3.html]
[html.kodesolution.com/2015/charityfund-html/demo/features-footer-dark-style4.html]
[html.kodesolution.com/2015/charityfund-html/demo/features-footer-dark-style5.html]
[html.kodesolution.com/2015/charityfund-html/demo/features-footer-dark-style6.html]
[html.kodesolution.com/2015/charityfund-html/demo/features-footer-white-style1.html]
[html.kodesolution.com/2015/charityfund-html/demo/features-footer-white-style2.html]
[html.kodesolution.com/2015/charityfund-html/demo/features-footer-white-style3.html]
[html.kodesolution.com/2015/charityfund-html/demo/features-footer-white-style4.html]
[html.kodesolution.com/2015/charityfund-html/demo/features-footer-white-style5.html]
[html.kodesolution.com/2015/charityfund-html/demo/features-footer-white-style6.html]
[html.kodesolution.com/2015/charityfund-html/demo/page-become-a-volunteer.html]
[html.kodesolution.com/2015/charityfund-html/demo/shop-category.html]
[html.kodesolution.com/2015/charityfund-html/demo/shop-category-sidebar.html]
[html.kodesolution.com/2015/charityfund-html/demo/shop-product-details.html]
[html.kodesolution.com/2015/charityfund-html/demo/shop-cart.html]
[html.kodesolution.com/2015/charityfund-html/demo/shop-checkout.html]
[html.kodesolution.com/2015/charityfund-html/demo/page-about1.html]
[html.kodesolution.com/2015/charityfund-html/demo/page-about2.html]
[html.kodesolution.com/2015/charityfund-html/demo/page-about3.html]
[html.kodesolution.com/2015/charityfund-html/demo/page-services1.html]
[html.kodesolution.com/2015/charityfund-html/demo/page-services2.html]
[html.kodesolution.com/2015/charityfund-html/demo/page-gallery-3col.html]
[html.kodesolution.com/2015/charityfund-html/demo/page-gallery-3col-only-image.html]
[html.kodesolution.com/2015/charityfund-html/demo/page-gallery-4col.html]
[html.kodesolution.com/2015/charityfund-html/demo/page-gallery-4col-only-image.html]
[html.kodesolution.com/2015/charityfund-html/demo/page-gallery-grid.html]
[html.kodesolution.com/2015/charityfund-html/demo/page-gallery-grid-animation.html]
[html.kodesolution.com/2015/charityfund-html/demo/page-gallery-3col-tiles.html]
[html.kodesolution.com/2015/charityfund-html/demo/page-gallery-4col-tiles.html]
[html.kodesolution.com/2015/charityfund-html/demo/page-gallery-masonry-tiles.html]
[html.kodesolution.com/2015/charityfund-html/demo/page-gallery-masonry-tiles-animation.html]
[html.kodesolution.com/2015/charityfund-html/demo/page-gallery-prettyphoto.html]
[html.kodesolution.com/2015/charityfund-html/demo/page-faq-style1.html]
[html.kodesolution.com/2015/charityfund-html/demo/page-faq-style2.html]
[html.kodesolution.com/2015/charityfund-html/demo/page-faq-style3.html]
[html.kodesolution.com/2015/charityfund-html/demo/page-faq-style4.html]
[html.kodesolution.com/2015/charityfund-html/demo/page-contact5-with-multiple-marker.html]
[html.kodesolution.com/2015/charityfund-html/demo/page-contact6-with-multiple-marker.html]
[html.kodesolution.com/2015/charityfund-html/demo/page-calender1.html]
[html.kodesolution.com/2015/charityfund-html/demo/page-calender2.html]
[html.kodesolution.com/2015/charityfund-html/demo/events-calendar-style1.html]
[html.kodesolution.com/2015/charityfund-html/demo/events-calendar-style2.html]
[html.kodesolution.com/2015/charityfund-html/demo/events-grid-2column.html]
[html.kodesolution.com/2015/charityfund-html/demo/events-grid-3column.html]
[html.kodesolution.com/2015/charityfund-html/demo/events-grid-4column.html]
[html.kodesolution.com/2015/charityfund-html/demo/events-grid-left-sidebar.html]
[html.kodesolution.com/2015/charityfund-html/demo/events-grid-right-sidebar.html]
[html.kodesolution.com/2015/charityfund-html/demo/events-list-left-sidebar.html]
[html.kodesolution.com/2015/charityfund-html/demo/events-list-right-sidebar.html]
[html.kodesolution.com/2015/charityfund-html/demo/events-list-no-sidebar.html]
[html.kodesolution.com/2015/charityfund-html/demo/events-details-style1.html]
[html.kodesolution.com/2015/charityfund-html/demo/events-details-style2.html]
[html.kodesolution.com/2015/charityfund-html/demo/events-details-style3.html]
[html.kodesolution.com/2015/charityfund-html/demo/events-table.html]
[html.kodesolution.com/2015/charityfund-html/demo/page-cause-list.html]
[html.kodesolution.com/2015/charityfund-html/demo/page-cause-grid.html]
[html.kodesolution.com/2015/charityfund-html/demo/page-cause-details.html]
[html.kodesolution.com/2015/charityfund-html/demo/job-list.html]
[html.kodesolution.com/2015/charityfund-html/demo/job-details-style1.html]
[html.kodesolution.com/2015/charityfund-html/demo/job-details-style2.html]
[html.kodesolution.com/2015/charityfund-html/demo/page-pricing1.html]
[html.kodesolution.com/2015/charityfund-html/demo/page-pricing2.html]
[html.kodesolution.com/2015/charityfund-html/demo/page-about4.html]
[html.kodesolution.com/2015/charityfund-html/demo/page-sidebar-right.html]
[html.kodesolution.com/2015/charityfund-html/demo/page-sidebar-left.html]
[html.kodesolution.com/2015/charityfund-html/demo/page-404-style1.html]
[html.kodesolution.com/2015/charityfund-html/demo/page-404-style2.html]
[html.kodesolution.com/2015/charityfund-html/demo/page-404-style3.html]
[html.kodesolution.com/2015/charityfund-html/demo/page-under-construction-style1.html]
[html.kodesolution.com/2015/charityfund-html/demo/page-under-construction-style2.html]
[html.kodesolution.com/2015/charityfund-html/demo/page-under-construction-style3.html]
[html.kodesolution.com/2015/charityfund-html/demo/page-coming-soon-style1.html]
[html.kodesolution.com/2015/charityfund-html/demo/page-coming-soon-style2.html]
[html.kodesolution.com/2015/charityfund-html/demo/page-coming-soon-style3.html]
[html.kodesolution.com/2015/charityfund-html/demo/portfolio-boxed-gutter-1-col.html]
[html.kodesolution.com/2015/charityfund-html/demo/portfolio-boxed-gutter-2-col.html]
[html.kodesolution.com/2015/charityfund-html/demo/portfolio-boxed-gutter-3-col.html]
[html.kodesolution.com/2015/charityfund-html/demo/portfolio-boxed-gutter-4-col.html]
[html.kodesolution.com/2015/charityfund-html/demo/portfolio-boxed-gutter-5-col.html]
[html.kodesolution.com/2015/charityfund-html/demo/portfolio-boxed-gutter-6-col.html]
[html.kodesolution.com/2015/charityfund-html/demo/portfolio-boxed-gutter-7-col.html]
[html.kodesolution.com/2015/charityfund-html/demo/portfolio-boxed-gutter-8-col.html]
[html.kodesolution.com/2015/charityfund-html/demo/portfolio-boxed-gutter-9-col.html]
[html.kodesolution.com/2015/charityfund-html/demo/portfolio-boxed-gutter-10-col.html]
[html.kodesolution.com/2015/charityfund-html/demo/portfolio-boxed-1-col.html]
[html.kodesolution.com/2015/charityfund-html/demo/portfolio-boxed-2-col.html]
[html.kodesolution.com/2015/charityfund-html/demo/portfolio-boxed-3-col.html]
[html.kodesolution.com/2015/charityfund-html/demo/portfolio-boxed-4-col.html]
[html.kodesolution.com/2015/charityfund-html/demo/portfolio-boxed-5-col.html]
[html.kodesolution.com/2015/charityfund-html/demo/portfolio-boxed-6-col.html]
[html.kodesolution.com/2015/charityfund-html/demo/portfolio-boxed-7-col.html]
[html.kodesolution.com/2015/charityfund-html/demo/portfolio-boxed-8-col.html]
[html.kodesolution.com/2015/charityfund-html/demo/portfolio-boxed-9-col.html]
[html.kodesolution.com/2015/charityfund-html/demo/portfolio-boxed-10-col.html]
[html.kodesolution.com/2015/charityfund-html/demo/portfolio-boxed-title-gutter-1-col.html]
[html.kodesolution.com/2015/charityfund-html/demo/portfolio-boxed-title-gutter-2-col.html]
[html.kodesolution.com/2015/charityfund-html/demo/portfolio-boxed-title-gutter-3-col.html]
[html.kodesolution.com/2015/charityfund-html/demo/portfolio-boxed-title-gutter-4-col.html]
[html.kodesolution.com/2015/charityfund-html/demo/portfolio-boxed-title-gutter-5-col.html]
[html.kodesolution.com/2015/charityfund-html/demo/portfolio-boxed-title-gutter-6-col.html]
[html.kodesolution.com/2015/charityfund-html/demo/portfolio-boxed-title-gutter-7-col.html]
[html.kodesolution.com/2015/charityfund-html/demo/portfolio-boxed-title-gutter-8-col.html]
[html.kodesolution.com/2015/charityfund-html/demo/portfolio-boxed-title-gutter-9-col.html]
[html.kodesolution.com/2015/charityfund-html/demo/portfolio-boxed-title-gutter-10-col.html]
[html.kodesolution.com/2015/charityfund-html/demo/portfolio-boxed-title-1-col.html]
[html.kodesolution.com/2015/charityfund-html/demo/portfolio-boxed-title-2-col.html]
[html.kodesolution.com/2015/charityfund-html/demo/portfolio-boxed-title-3-col.html]
[html.kodesolution.com/2015/charityfund-html/demo/portfolio-boxed-title-4-col.html]
[html.kodesolution.com/2015/charityfund-html/demo/portfolio-boxed-title-5-col.html]
[html.kodesolution.com/2015/charityfund-html/demo/portfolio-boxed-title-6-col.html]
[html.kodesolution.com/2015/charityfund-html/demo/portfolio-boxed-title-7-col.html]
[html.kodesolution.com/2015/charityfund-html/demo/portfolio-boxed-title-8-col.html]
[html.kodesolution.com/2015/charityfund-html/demo/portfolio-boxed-title-9-col.html]
[html.kodesolution.com/2015/charityfund-html/demo/portfolio-boxed-title-10-col.html]
[html.kodesolution.com/2015/charityfund-html/demo/portfolio-wide-gutter-1-col.html]
[html.kodesolution.com/2015/charityfund-html/demo/portfolio-wide-gutter-2-col.html]
[html.kodesolution.com/2015/charityfund-html/demo/portfolio-wide-gutter-3-col.html]
[html.kodesolution.com/2015/charityfund-html/demo/portfolio-wide-gutter-4-col.html]
[html.kodesolution.com/2015/charityfund-html/demo/portfolio-wide-gutter-5-col.html]
[html.kodesolution.com/2015/charityfund-html/demo/portfolio-wide-gutter-6-col.html]
[html.kodesolution.com/2015/charityfund-html/demo/portfolio-wide-gutter-7-col.html]
[html.kodesolution.com/2015/charityfund-html/demo/portfolio-wide-gutter-8-col.html]
[html.kodesolution.com/2015/charityfund-html/demo/portfolio-wide-gutter-9-col.html]
[html.kodesolution.com/2015/charityfund-html/demo/portfolio-wide-gutter-10-col.html]
[html.kodesolution.com/2015/charityfund-html/demo/portfolio-wide-1-col.html]
[html.kodesolution.com/2015/charityfund-html/demo/portfolio-wide-2-col.html]
[html.kodesolution.com/2015/charityfund-html/demo/portfolio-wide-3-col.html]
[html.kodesolution.com/2015/charityfund-html/demo/portfolio-wide-4-col.html]
[html.kodesolution.com/2015/charityfund-html/demo/portfolio-wide-5-col.html]
[html.kodesolution.com/2015/charityfund-html/demo/portfolio-wide-6-col.html]
[html.kodesolution.com/2015/charityfund-html/demo/portfolio-wide-7-col.html]
[html.kodesolution.com/2015/charityfund-html/demo/portfolio-wide-8-col.html]
[html.kodesolution.com/2015/charityfund-html/demo/portfolio-wide-9-col.html]
[html.kodesolution.com/2015/charityfund-html/demo/portfolio-wide-10-col.html]
[html.kodesolution.com/2015/charityfund-html/demo/portfolio-wide-title-gutter-1-col.html]
[html.kodesolution.com/2015/charityfund-html/demo/portfolio-wide-title-gutter-2-col.html]
[html.kodesolution.com/2015/charityfund-html/demo/portfolio-wide-title-gutter-3-col.html]
[html.kodesolution.com/2015/charityfund-html/demo/portfolio-wide-title-gutter-4-col.html]
[html.kodesolution.com/2015/charityfund-html/demo/portfolio-wide-title-gutter-5-col.html]
[html.kodesolution.com/2015/charityfund-html/demo/portfolio-wide-title-gutter-6-col.html]
[html.kodesolution.com/2015/charityfund-html/demo/portfolio-wide-title-gutter-7-col.html]
[html.kodesolution.com/2015/charityfund-html/demo/portfolio-wide-title-gutter-8-col.html]
[html.kodesolution.com/2015/charityfund-html/demo/portfolio-wide-title-gutter-9-col.html]
[html.kodesolution.com/2015/charityfund-html/demo/portfolio-wide-title-gutter-10-col.html]
[html.kodesolution.com/2015/charityfund-html/demo/portfolio-wide-title-1-col.html]
[html.kodesolution.com/2015/charityfund-html/demo/portfolio-wide-title-2-col.html]
[html.kodesolution.com/2015/charityfund-html/demo/portfolio-wide-title-3-col.html]
[html.kodesolution.com/2015/charityfund-html/demo/portfolio-wide-title-4-col.html]
[html.kodesolution.com/2015/charityfund-html/demo/portfolio-wide-title-5-col.html]
[html.kodesolution.com/2015/charityfund-html/demo/portfolio-wide-title-6-col.html]
[html.kodesolution.com/2015/charityfund-html/demo/portfolio-wide-title-7-col.html]
[html.kodesolution.com/2015/charityfund-html/demo/portfolio-wide-title-8-col.html]
[html.kodesolution.com/2015/charityfund-html/demo/portfolio-wide-title-9-col.html]
[html.kodesolution.com/2015/charityfund-html/demo/portfolio-wide-title-10-col.html]
[html.kodesolution.com/2015/charityfund-html/demo/portfolio-masonry-boxed-gutter-2-col.html]
[html.kodesolution.com/2015/charityfund-html/demo/portfolio-masonry-boxed-gutter-3-col.html]
[html.kodesolution.com/2015/charityfund-html/demo/portfolio-masonry-boxed-gutter-4-col.html]
[html.kodesolution.com/2015/charityfund-html/demo/portfolio-masonry-boxed-gutter-5-col.html]
[html.kodesolution.com/2015/charityfund-html/demo/portfolio-masonry-boxed-gutter-6-col.html]
[html.kodesolution.com/2015/charityfund-html/demo/portfolio-masonry-boxed-gutter-7-col.html]
[html.kodesolution.com/2015/charityfund-html/demo/portfolio-masonry-boxed-gutter-8-col.html]
[html.kodesolution.com/2015/charityfund-html/demo/portfolio-masonry-boxed-gutter-9-col.html]
[html.kodesolution.com/2015/charityfund-html/demo/portfolio-masonry-boxed-gutter-10-col.html]
[html.kodesolution.com/2015/charityfund-html/demo/portfolio-masonry-boxed-2-col.html]
[html.kodesolution.com/2015/charityfund-html/demo/portfolio-masonry-boxed-3-col.html]
[html.kodesolution.com/2015/charityfund-html/demo/portfolio-masonry-boxed-4-col.html]
[html.kodesolution.com/2015/charityfund-html/demo/portfolio-masonry-boxed-5-col.html]
[html.kodesolution.com/2015/charityfund-html/demo/portfolio-masonry-boxed-6-col.html]
[html.kodesolution.com/2015/charityfund-html/demo/portfolio-masonry-boxed-7-col.html]
[html.kodesolution.com/2015/charityfund-html/demo/portfolio-masonry-boxed-8-col.html]
[html.kodesolution.com/2015/charityfund-html/demo/portfolio-masonry-boxed-9-col.html]
[html.kodesolution.com/2015/charityfund-html/demo/portfolio-masonry-boxed-10-col.html]
[html.kodesolution.com/2015/charityfund-html/demo/portfolio-masonry-boxed-gutter-title-2-col.html]
[html.kodesolution.com/2015/charityfund-html/demo/portfolio-masonry-boxed-gutter-title-3-col.html]
[html.kodesolution.com/2015/charityfund-html/demo/portfolio-masonry-boxed-gutter-title-4-col.html]
[html.kodesolution.com/2015/charityfund-html/demo/portfolio-masonry-boxed-gutter-title-5-col.html]
[html.kodesolution.com/2015/charityfund-html/demo/portfolio-masonry-boxed-gutter-title-6-col.html]
[html.kodesolution.com/2015/charityfund-html/demo/portfolio-masonry-boxed-gutter-title-7-col.html]
[html.kodesolution.com/2015/charityfund-html/demo/portfolio-masonry-boxed-gutter-title-8-col.html]
[html.kodesolution.com/2015/charityfund-html/demo/portfolio-masonry-boxed-gutter-title-9-col.html]
[html.kodesolution.com/2015/charityfund-html/demo/portfolio-masonry-boxed-gutter-title-10-col.html]
[html.kodesolution.com/2015/charityfund-html/demo/portfolio-masonry-boxed-title-2-col.html]
[html.kodesolution.com/2015/charityfund-html/demo/portfolio-masonry-boxed-title-3-col.html]
[html.kodesolution.com/2015/charityfund-html/demo/portfolio-masonry-boxed-title-4-col.html]
[html.kodesolution.com/2015/charityfund-html/demo/portfolio-masonry-boxed-title-5-col.html]
[html.kodesolution.com/2015/charityfund-html/demo/portfolio-masonry-boxed-title-6-col.html]
[html.kodesolution.com/2015/charityfund-html/demo/portfolio-masonry-boxed-title-7-col.html]
[html.kodesolution.com/2015/charityfund-html/demo/portfolio-masonry-boxed-title-8-col.html]
[html.kodesolution.com/2015/charityfund-html/demo/portfolio-masonry-boxed-title-9-col.html]
[html.kodesolution.com/2015/charityfund-html/demo/portfolio-masonry-boxed-title-10-col.html]
[html.kodesolution.com/2015/charityfund-html/demo/portfolio-masonry-wide-gutter-2-col.html]
[html.kodesolution.com/2015/charityfund-html/demo/portfolio-masonry-wide-gutter-3-col.html]
[html.kodesolution.com/2015/charityfund-html/demo/portfolio-masonry-wide-gutter-4-col.html]
[html.kodesolution.com/2015/charityfund-html/demo/portfolio-masonry-wide-gutter-5-col.html]
[html.kodesolution.com/2015/charityfund-html/demo/portfolio-masonry-wide-gutter-6-col.html]
[html.kodesolution.com/2015/charityfund-html/demo/portfolio-masonry-wide-gutter-7-col.html]
[html.kodesolution.com/2015/charityfund-html/demo/portfolio-masonry-wide-gutter-8-col.html]
[html.kodesolution.com/2015/charityfund-html/demo/portfolio-masonry-wide-gutter-9-col.html]
[html.kodesolution.com/2015/charityfund-html/demo/portfolio-masonry-wide-gutter-10-col.html]
[html.kodesolution.com/2015/charityfund-html/demo/portfolio-masonry-wide-2-col.html]
[html.kodesolution.com/2015/charityfund-html/demo/portfolio-masonry-wide-3-col.html]
[html.kodesolution.com/2015/charityfund-html/demo/portfolio-masonry-wide-4-col.html]
[html.kodesolution.com/2015/charityfund-html/demo/portfolio-masonry-wide-5-col.html]
[html.kodesolution.com/2015/charityfund-html/demo/portfolio-masonry-wide-6-col.html]
[html.kodesolution.com/2015/charityfund-html/demo/portfolio-masonry-wide-7-col.html]
[html.kodesolution.com/2015/charityfund-html/demo/portfolio-masonry-wide-8-col.html]
[html.kodesolution.com/2015/charityfund-html/demo/portfolio-masonry-wide-9-col.html]
[html.kodesolution.com/2015/charityfund-html/demo/portfolio-masonry-wide-10-col.html]
[html.kodesolution.com/2015/charityfund-html/demo/portfolio-masonry-wide-gutter-title-2-col.html]
[html.kodesolution.com/2015/charityfund-html/demo/portfolio-masonry-wide-gutter-title-3-col.html]
[html.kodesolution.com/2015/charityfund-html/demo/portfolio-masonry-wide-gutter-title-4-col.html]
[html.kodesolution.com/2015/charityfund-html/demo/portfolio-masonry-wide-gutter-title-5-col.html]
[html.kodesolution.com/2015/charityfund-html/demo/portfolio-masonry-wide-gutter-title-6-col.html]
[html.kodesolution.com/2015/charityfund-html/demo/portfolio-masonry-wide-gutter-title-7-col.html]
[html.kodesolution.com/2015/charityfund-html/demo/portfolio-masonry-wide-gutter-title-8-col.html]
[html.kodesolution.com/2015/charityfund-html/demo/portfolio-masonry-wide-gutter-title-9-col.html]
[html.kodesolution.com/2015/charityfund-html/demo/portfolio-masonry-wide-gutter-title-10-col.html]
[html.kodesolution.com/2015/charityfund-html/demo/portfolio-masonry-wide-title-2-col.html]
[html.kodesolution.com/2015/charityfund-html/demo/portfolio-masonry-wide-title-3-col.html]
[html.kodesolution.com/2015/charityfund-html/demo/portfolio-masonry-wide-title-4-col.html]
[html.kodesolution.com/2015/charityfund-html/demo/portfolio-masonry-wide-title-5-col.html]
[html.kodesolution.com/2015/charityfund-html/demo/portfolio-masonry-wide-title-6-col.html]
[html.kodesolution.com/2015/charityfund-html/demo/portfolio-masonry-wide-title-7-col.html]
[html.kodesolution.com/2015/charityfund-html/demo/portfolio-masonry-wide-title-8-col.html]
[html.kodesolution.com/2015/charityfund-html/demo/portfolio-masonry-wide-title-9-col.html]
[html.kodesolution.com/2015/charityfund-html/demo/portfolio-masonry-wide-title-10-col.html]
[html.kodesolution.com/2015/charityfund-html/demo/portfolio-tiles-boxed-gutter-2-col.html]
[html.kodesolution.com/2015/charityfund-html/demo/portfolio-tiles-boxed-gutter-3-col.html]
[html.kodesolution.com/2015/charityfund-html/demo/portfolio-tiles-boxed-gutter-4-col.html]
[html.kodesolution.com/2015/charityfund-html/demo/portfolio-tiles-boxed-gutter-5-col.html]
[html.kodesolution.com/2015/charityfund-html/demo/portfolio-tiles-boxed-gutter-6-col.html]
[html.kodesolution.com/2015/charityfund-html/demo/portfolio-tiles-boxed-gutter-7-col.html]
[html.kodesolution.com/2015/charityfund-html/demo/portfolio-tiles-boxed-gutter-8-col.html]
[html.kodesolution.com/2015/charityfund-html/demo/portfolio-tiles-boxed-gutter-9-col.html]
[html.kodesolution.com/2015/charityfund-html/demo/portfolio-tiles-boxed-gutter-10-col.html]
[html.kodesolution.com/2015/charityfund-html/demo/portfolio-tiles-boxed-2-col.html]
[html.kodesolution.com/2015/charityfund-html/demo/portfolio-tiles-boxed-3-col.html]
[html.kodesolution.com/2015/charityfund-html/demo/portfolio-tiles-boxed-4-col.html]
[html.kodesolution.com/2015/charityfund-html/demo/portfolio-tiles-boxed-5-col.html]
[html.kodesolution.com/2015/charityfund-html/demo/portfolio-tiles-boxed-6-col.html]
[html.kodesolution.com/2015/charityfund-html/demo/portfolio-tiles-boxed-7-col.html]
[html.kodesolution.com/2015/charityfund-html/demo/portfolio-tiles-boxed-8-col.html]
[html.kodesolution.com/2015/charityfund-html/demo/portfolio-tiles-boxed-9-col.html]
[html.kodesolution.com/2015/charityfund-html/demo/portfolio-tiles-boxed-10-col.html]
[html.kodesolution.com/2015/charityfund-html/demo/portfolio-tiles-boxed-title-gutter-2-col.html]
[html.kodesolution.com/2015/charityfund-html/demo/portfolio-tiles-boxed-title-gutter-3-col.html]
[html.kodesolution.com/2015/charityfund-html/demo/portfolio-tiles-boxed-title-gutter-4-col.html]
[html.kodesolution.com/2015/charityfund-html/demo/portfolio-tiles-boxed-title-gutter-5-col.html]
[html.kodesolution.com/2015/charityfund-html/demo/portfolio-tiles-boxed-title-gutter-6-col.html]
[html.kodesolution.com/2015/charityfund-html/demo/portfolio-tiles-boxed-title-gutter-7-col.html]
[html.kodesolution.com/2015/charityfund-html/demo/portfolio-tiles-boxed-title-gutter-8-col.html]
[html.kodesolution.com/2015/charityfund-html/demo/portfolio-tiles-boxed-title-gutter-9-col.html]
[html.kodesolution.com/2015/charityfund-html/demo/portfolio-tiles-boxed-title-gutter-10-col.html]
[html.kodesolution.com/2015/charityfund-html/demo/portfolio-tiles-boxed-title-2-col.html]
[html.kodesolution.com/2015/charityfund-html/demo/portfolio-tiles-boxed-title-3-col.html]
[html.kodesolution.com/2015/charityfund-html/demo/portfolio-tiles-boxed-title-4-col.html]
[html.kodesolution.com/2015/charityfund-html/demo/portfolio-tiles-boxed-title-5-col.html]
[html.kodesolution.com/2015/charityfund-html/demo/portfolio-tiles-boxed-title-6-col.html]
[html.kodesolution.com/2015/charityfund-html/demo/portfolio-tiles-boxed-title-7-col.html]
[html.kodesolution.com/2015/charityfund-html/demo/portfolio-tiles-boxed-title-8-col.html]
[html.kodesolution.com/2015/charityfund-html/demo/portfolio-tiles-boxed-title-9-col.html]
[html.kodesolution.com/2015/charityfund-html/demo/portfolio-tiles-boxed-title-10-col.html]
[html.kodesolution.com/2015/charityfund-html/demo/portfolio-tiles-wide-gutter-2-col.html]
[html.kodesolution.com/2015/charityfund-html/demo/portfolio-tiles-wide-gutter-3-col.html]
[html.kodesolution.com/2015/charityfund-html/demo/portfolio-tiles-wide-gutter-4-col.html]
[html.kodesolution.com/2015/charityfund-html/demo/portfolio-tiles-wide-gutter-5-col.html]
[html.kodesolution.com/2015/charityfund-html/demo/portfolio-tiles-wide-gutter-6-col.html]
[html.kodesolution.com/2015/charityfund-html/demo/portfolio-tiles-wide-gutter-7-col.html]
[html.kodesolution.com/2015/charityfund-html/demo/portfolio-tiles-wide-gutter-8-col.html]
[html.kodesolution.com/2015/charityfund-html/demo/portfolio-tiles-wide-gutter-9-col.html]
[html.kodesolution.com/2015/charityfund-html/demo/portfolio-tiles-wide-gutter-10-col.html]
[html.kodesolution.com/2015/charityfund-html/demo/portfolio-tiles-wide-2-col.html]
[html.kodesolution.com/2015/charityfund-html/demo/portfolio-tiles-wide-3-col.html]
[html.kodesolution.com/2015/charityfund-html/demo/portfolio-tiles-wide-4-col.html]
[html.kodesolution.com/2015/charityfund-html/demo/portfolio-tiles-wide-5-col.html]
[html.kodesolution.com/2015/charityfund-html/demo/portfolio-tiles-wide-6-col.html]
[html.kodesolution.com/2015/charityfund-html/demo/portfolio-tiles-wide-7-col.html]
[html.kodesolution.com/2015/charityfund-html/demo/portfolio-tiles-wide-8-col.html]
[html.kodesolution.com/2015/charityfund-html/demo/portfolio-tiles-wide-9-col.html]
[html.kodesolution.com/2015/charityfund-html/demo/portfolio-tiles-wide-10-col.html]
[html.kodesolution.com/2015/charityfund-html/demo/portfolio-tiles-wide-title-gutter-2-col.html]
[html.kodesolution.com/2015/charityfund-html/demo/portfolio-tiles-wide-title-gutter-3-col.html]
[html.kodesolution.com/2015/charityfund-html/demo/portfolio-tiles-wide-title-gutter-4-col.html]
[html.kodesolution.com/2015/charityfund-html/demo/portfolio-tiles-wide-title-gutter-5-col.html]
[html.kodesolution.com/2015/charityfund-html/demo/portfolio-tiles-wide-title-gutter-6-col.html]
[html.kodesolution.com/2015/charityfund-html/demo/portfolio-tiles-wide-title-gutter-7-col.html]
[html.kodesolution.com/2015/charityfund-html/demo/portfolio-tiles-wide-title-gutter-8-col.html]
[html.kodesolution.com/2015/charityfund-html/demo/portfolio-tiles-wide-title-gutter-9-col.html]
[html.kodesolution.com/2015/charityfund-html/demo/portfolio-tiles-wide-title-gutter-10-col.html]
[html.kodesolution.com/2015/charityfund-html/demo/portfolio-tiles-wide-title-2-col.html]
[html.kodesolution.com/2015/charityfund-html/demo/portfolio-tiles-wide-title-3-col.html]
[html.kodesolution.com/2015/charityfund-html/demo/portfolio-tiles-wide-title-4-col.html]
[html.kodesolution.com/2015/charityfund-html/demo/portfolio-tiles-wide-title-5-col.html]
[html.kodesolution.com/2015/charityfund-html/demo/portfolio-tiles-wide-title-6-col.html]
[html.kodesolution.com/2015/charityfund-html/demo/portfolio-tiles-wide-title-7-col.html]
[html.kodesolution.com/2015/charityfund-html/demo/portfolio-tiles-wide-title-8-col.html]
[html.kodesolution.com/2015/charityfund-html/demo/portfolio-tiles-wide-title-9-col.html]
[html.kodesolution.com/2015/charityfund-html/demo/portfolio-tiles-wide-title-10-col.html]
[html.kodesolution.com/2015/charityfund-html/demo/portfolio-extra-infinity-scroll.html]
[html.kodesolution.com/2015/charityfund-html/demo/portfolio-extra-infinity-scroll-lazyload.html]
[html.kodesolution.com/2015/charityfund-html/demo/portfolio-extra-pagination.html]
[html.kodesolution.com/2015/charityfund-html/demo/portfolio-extra-jquery-pagination.html]
[html.kodesolution.com/2015/charityfund-html/demo/portfolio-details-image.html]
[html.kodesolution.com/2015/charityfund-html/demo/portfolio-details-image-gallery.html]
[html.kodesolution.com/2015/charityfund-html/demo/portfolio-details-video-gallery.html]
[html.kodesolution.com/2015/charityfund-html/demo/page-volunteer-4column.html]
[html.kodesolution.com/2015/charityfund-html/demo/page-volunteer-3column.html]
[html.kodesolution.com/2015/charityfund-html/demo/page-volunteer-2column.html]
[html.kodesolution.com/2015/charityfund-html/demo/page-volunteer-details.html]
[html.kodesolution.com/2015/charityfund-html/demo/blog-classic-right-sidebar.html]
[html.kodesolution.com/2015/charityfund-html/demo/blog-classic-left-sidebar.html]
[html.kodesolution.com/2015/charityfund-html/demo/blog-classic-both-sidebar.html]
[html.kodesolution.com/2015/charityfund-html/demo/blog-classic-no-sidebar.html]
[html.kodesolution.com/2015/charityfund-html/demo/blog-classic-small-thumbs.html]
[html.kodesolution.com/2015/charityfund-html/demo/blog-timeline.html]
[html.kodesolution.com/2015/charityfund-html/demo/blog-timeline-masonry.html]
[html.kodesolution.com/2015/charityfund-html/demo/blog-extra-infinity-scroll.html]
[html.kodesolution.com/2015/charityfund-html/demo/blog-extra-infinity-scroll-lazyload.html]
[html.kodesolution.com/2015/charityfund-html/demo/blog-grid-2-column.html]
[html.kodesolution.com/2015/charityfund-html/demo/blog-grid-3-column.html]
[html.kodesolution.com/2015/charityfund-html/demo/blog-grid-4-column.html]
[html.kodesolution.com/2015/charityfund-html/demo/blog-grid-width-2-column.html]
[html.kodesolution.com/2015/charityfund-html/demo/blog-grid-width-3-column.html]
[html.kodesolution.com/2015/charityfund-html/demo/blog-grid-width-4-column.html]
[html.kodesolution.com/2015/charityfund-html/demo/blog-masonry-2-column.html]
[html.kodesolution.com/2015/charityfund-html/demo/blog-masonry-3-column.html]
[html.kodesolution.com/2015/charityfund-html/demo/blog-masonry-4-column.html]
[html.kodesolution.com/2015/charityfund-html/demo/blog-masonry-width-2-column.html]
[html.kodesolution.com/2015/charityfund-html/demo/blog-masonry-width-3-column.html]
[html.kodesolution.com/2015/charityfund-html/demo/blog-masonry-width-4-column.html]
[html.kodesolution.com/2015/charityfund-html/demo/blog-single-right-sidebar.html]
[html.kodesolution.com/2015/charityfund-html/demo/blog-single-left-sidebar.html]
[html.kodesolution.com/2015/charityfund-html/demo/blog-single-both-sidebar.html]
[html.kodesolution.com/2015/charityfund-html/demo/blog-single-no-sidebar.html]
[html.kodesolution.com/2015/charityfund-html/demo/blog-single-facebook-comments.html]
[html.kodesolution.com/2015/charityfund-html/demo/blog-single-disqus-comments.html]
[html.kodesolution.com/2015/charityfund-html/demo/images/blog/1.jpg]
[html.kodesolution.com/2015/charityfund-html/demo/images/blog/square1.jpg]
[html.kodesolution.com/2015/charityfund-html/demo/images/blog/square2.jpg]
[html.kodesolution.com/2015/charityfund-html/demo/images/blog/square3.jpg]
[html.kodesolution.com/2015/charityfund-html/demo/shortcode-accordion.html]
[html.kodesolution.com/2015/charityfund-html/demo/shortcode-alerts.html]
[html.kodesolution.com/2015/charityfund-html/demo/shortcode-animations.html]
[html.kodesolution.com/2015/charityfund-html/demo/shortcode-background-html5-video.html]
[html.kodesolution.com/2015/charityfund-html/demo/shortcode-blockquotes.html]
[html.kodesolution.com/2015/charityfund-html/demo/shortcode-button-groups-and-dropdowns.html]
[html.kodesolution.com/2015/charityfund-html/demo/shortcode-button-hover-effect.html]
[html.kodesolution.com/2015/charityfund-html/demo/shortcode-buttons.html]
[html.kodesolution.com/2015/charityfund-html/demo/shortcode-call-to-actions.html]
[html.kodesolution.com/2015/charityfund-html/demo/shortcode-charts.html]
[html.kodesolution.com/2015/charityfund-html/demo/shortcode-columns-grids.html]
[html.kodesolution.com/2015/charityfund-html/demo/shortcode-divider.html]
[html.kodesolution.com/2015/charityfund-html/demo/shortcode-dropcaps.html]
[html.kodesolution.com/2015/charityfund-html/demo/shortcode-datetime-datepicker.html]
[html.kodesolution.com/2015/charityfund-html/demo/shortcode-datetime-timepicker.html]
[html.kodesolution.com/2015/charityfund-html/demo/shortcode-datetime-datetimepicker.html]
[html.kodesolution.com/2015/charityfund-html/demo/shortcode-datetime-datepair.html]
[html.kodesolution.com/2015/charityfund-html/demo/shortcode-flickr-feed.html]
[html.kodesolution.com/2015/charityfund-html/demo/shortcode-flipbox.html]
[html.kodesolution.com/2015/charityfund-html/demo/shortcode-forms.html]
[html.kodesolution.com/2015/charityfund-html/demo/shortcode-iconbox.html]
[html.kodesolution.com/2015/charityfund-html/demo/shortcode-icon-7stroke.html]
[html.kodesolution.com/2015/charityfund-html/demo/shortcode-icon-elegant-icons.html]
[html.kodesolution.com/2015/charityfund-html/demo/shortcode-icon-flat-color-icons.html]
[html.kodesolution.com/2015/charityfund-html/demo/shortcode-icon-fontawesome.html]
[html.kodesolution.com/2015/charityfund-html/demo/shortcode-icon-fontawesome-tutorial.html]
[html.kodesolution.com/2015/charityfund-html/demo/shortcode-icon-strokegap.html]
[html.kodesolution.com/2015/charityfund-html/demo/shortcode-image-box.html]
[html.kodesolution.com/2015/charityfund-html/demo/shortcode-instagram.html]
[html.kodesolution.com/2015/charityfund-html/demo/shortcode-labels-badges.html]
[html.kodesolution.com/2015/charityfund-html/demo/shortcode-listgroup-panels.html]
[html.kodesolution.com/2015/charityfund-html/demo/shortcode-lists.html]
[html.kodesolution.com/2015/charityfund-html/demo/shortcode-maps.html]
[html.kodesolution.com/2015/charityfund-html/demo/shortcode-media-embed.html]
[html.kodesolution.com/2015/charityfund-html/demo/shortcode-modal-bootstrap.html]
[html.kodesolution.com/2015/charityfund-html/demo/shortcode-modal-lightbox.html]
[html.kodesolution.com/2015/charityfund-html/demo/shortcode-navigation.html]
[html.kodesolution.com/2015/charityfund-html/demo/shortcode-owl-carousel.html]
[html.kodesolution.com/2015/charityfund-html/demo/shortcode-pagination.html]
[html.kodesolution.com/2015/charityfund-html/demo/shortcode-progressbar.html]
[html.kodesolution.com/2015/charityfund-html/demo/shortcode-responsive.html]
[html.kodesolution.com/2015/charityfund-html/demo/shortcode-separator.html]
[html.kodesolution.com/2015/charityfund-html/demo/shortcode-sitemap.html]
[html.kodesolution.com/2015/charityfund-html/demo/shortcode-sliders.html]
[html.kodesolution.com/2015/charityfund-html/demo/shortcode-smoothscrolling.html]
[html.kodesolution.com/2015/charityfund-html/demo/shortcode-styled-icons.html]
[html.kodesolution.com/2015/charityfund-html/demo/shortcode-subscribe.html]
[html.kodesolution.com/2015/charityfund-html/demo/shortcode-tables.html]
[html.kodesolution.com/2015/charityfund-html/demo/shortcode-tabs.html]
[html.kodesolution.com/2015/charityfund-html/demo/shortcode-textblock.html]
[html.kodesolution.com/2015/charityfund-html/demo/shortcode-thumbnails-carousels.html]
[html.kodesolution.com/2015/charityfund-html/demo/shortcode-title.html]
[html.kodesolution.com/2015/charityfund-html/demo/shortcode-timer-final-countdown.html]
[html.kodesolution.com/2015/charityfund-html/demo/shortcode-timer-flipclock.html]
[html.kodesolution.com/2015/charityfund-html/demo/shortcode-timer-slick-circular.html]
[html.kodesolution.com/2015/charityfund-html/demo/shortcode-twitter.html]
[html.kodesolution.com/2015/charityfund-html/demo/shortcode-typography.html]
[html.kodesolution.com/2015/charityfund-html/demo/shortcode-vertical-timeline.html]
[html.kodesolution.com/2015/charityfund-html/demo/shortcode-widgets.html]
[html.kodesolution.com/2015/charityfund-html/demo/shortcode-working-process.html]
[html.kodesolution.com/2015/charityfund-html/demo/ajax-load/donation-form.html]
[html.kodesolution.com/2015/charityfund-html/demo/images/bg/bg1.jpg]
[html.kodesolution.com/2015/charityfund-html/demo/images/project/1.jpg]
[html.kodesolution.com/2015/charityfund-html/demo/images/project/2.jpg]
[html.kodesolution.com/2015/charityfund-html/demo/images/project/3.jpg]
[html.kodesolution.com/2015/charityfund-html/demo/images/project/4.jpg]
[html.kodesolution.com/2015/charityfund-html/demo/images/bg/bg2.jpg]
[html.kodesolution.com/2015/charityfund-html/demo/images/photos/featured1.jpg]
[player.vimeo.com/video/22029657.260183a.delayed]
[html.kodesolution.com/2015/charityfund-html/demo/images/event/1.jpg]
[html.kodesolution.com/2015/charityfund-html/demo/images/event/2.jpg]
[html.kodesolution.com/2015/charityfund-html/demo/images/event/3.jpg]
[html.kodesolution.com/2015/charityfund-html/demo/images/team/team1.jpg]
[html.kodesolution.com/2015/charityfund-html/demo/images/team/team2.jpg]
[html.kodesolution.com/2015/charityfund-html/demo/images/team/team3.jpg]
[html.kodesolution.com/2015/charityfund-html/demo/images/team/team4.jpg]
[html.kodesolution.com/2015/charityfund-html/demo/images/bg/bg7.jpg]
[html.kodesolution.com/cdn-cgi/scripts/5c5dd728/cloudflare-static/email-decode.min.js]
[html.kodesolution.com/2015/charityfund-html/demo/images/gallery/gallery-sm1.jpg]
[html.kodesolution.com/2015/charityfund-html/demo/images/gallery/gallery-lg1.jpg]
[html.kodesolution.com/2015/charityfund-html/demo/images/gallery/gallery-sm2.jpg]
[html.kodesolution.com/2015/charityfund-html/demo/images/gallery/gallery-lg2.jpg]
[html.kodesolution.com/2015/charityfund-html/demo/images/gallery/gallery-sm3.jpg]
[html.kodesolution.com/2015/charityfund-html/demo/images/gallery/gallery-lg3.jpg]
[html.kodesolution.com/2015/charityfund-html/demo/images/gallery/gallery-sm4.jpg]
[html.kodesolution.com/2015/charityfund-html/demo/images/gallery/gallery-lg4.jpg]
[html.kodesolution.com/2015/charityfund-html/demo/images/gallery/gallery-sm5.jpg]
[html.kodesolution.com/2015/charityfund-html/demo/images/gallery/gallery-lg5.jpg]
[html.kodesolution.com/2015/charityfund-html/demo/images/gallery/gallery-sm6.jpg]
[html.kodesolution.com/2015/charityfund-html/demo/images/gallery/gallery-lg6.jpg]
[html.kodesolution.com/2015/charityfund-html/demo/images/gallery/gallery-sm7.jpg]
[html.kodesolution.com/2015/charityfund-html/demo/images/gallery/gallery-lg7.jpg]
[html.kodesolution.com/2015/charityfund-html/demo/images/gallery/gallery-sm8.jpg]
[html.kodesolution.com/2015/charityfund-html/demo/images/gallery/gallery-lg8.jpg]
[html.kodesolution.com/2015/charityfund-html/demo/images/gallery/gallery-sm9.jpg]
[html.kodesolution.com/2015/charityfund-html/demo/images/gallery/gallery-lg9.jpg]
[html.kodesolution.com/2015/charityfund-html/demo/images/gallery/gallery-sm10.jpg]
[html.kodesolution.com/2015/charityfund-html/demo/images/gallery/gallery-lg10.jpg]
[html.kodesolution.com/2015/charityfund-html/demo/images/gallery/gallery-sm11.jpg]
[html.kodesolution.com/2015/charityfund-html/demo/images/gallery/gallery-lg11.jpg]
[html.kodesolution.com/2015/charityfund-html/demo/images/gallery/gallery-sm12.jpg]
[html.kodesolution.com/2015/charityfund-html/demo/images/gallery/gallery-lg12.jpg]
[html.kodesolution.com/2015/charityfund-html/demo/images/gallery/gallery-sm13.jpg]
[html.kodesolution.com/2015/charityfund-html/demo/images/gallery/gallery-lg13.jpg]
[html.kodesolution.com/2015/charityfund-html/demo/images/gallery/gallery-sm14.jpg]
[html.kodesolution.com/2015/charityfund-html/demo/images/gallery/gallery-lg14.jpg]
[html.kodesolution.com/2015/charityfund-html/demo/images/gallery/gallery-sm15.jpg]
[html.kodesolution.com/2015/charityfund-html/demo/images/gallery/gallery-lg15.jpg]
[html.kodesolution.com/2015/charityfund-html/demo/images/gallery/gallery-sm16.jpg]
[html.kodesolution.com/2015/charityfund-html/demo/images/gallery/gallery-lg16.jpg]
[html.kodesolution.com/2015/charityfund-html/demo/images/gallery/gallery-sm17.jpg]
[html.kodesolution.com/2015/charityfund-html/demo/images/gallery/gallery-lg17.jpg]
[html.kodesolution.com/2015/charityfund-html/demo/images/gallery/gallery-sm18.jpg]
[html.kodesolution.com/2015/charityfund-html/demo/images/gallery/gallery-lg18.jpg]
[html.kodesolution.com/2015/charityfund-html/demo/images/gallery/gallery-sm19.jpg]
[html.kodesolution.com/2015/charityfund-html/demo/images/gallery/gallery-lg19.jpg]
[html.kodesolution.com/2015/charityfund-html/demo/images/bg/bg4.jpg]
[html.kodesolution.com/2015/charityfund-html/demo/images/blog/2.jpg]
[html.kodesolution.com/2015/charityfund-html/demo/images/blog/3.jpg]
[html.kodesolution.com/2015/charityfund-html/demo/images/testimonials/1.jpg]
[html.kodesolution.com/2015/charityfund-html/demo/images/testimonials/2.jpg]
[html.kodesolution.com/2015/charityfund-html/demo/images/testimonials/3.jpg]
[html.kodesolution.com/2015/charityfund-html/demo/images/clients/1.png]
[html.kodesolution.com/2015/charityfund-html/demo/images/clients/2.png]
[html.kodesolution.com/2015/charityfund-html/demo/images/clients/3.png]
[html.kodesolution.com/2015/charityfund-html/demo/images/clients/4.png]
[html.kodesolution.com/2015/charityfund-html/demo/images/clients/5.png]
[html.kodesolution.com/2015/charityfund-html/demo/images/clients/6.png]
[html.kodesolution.com/2015/charityfund-html/demo/images/logo-wide-white.png]
[html.kodesolution.com/2015/charityfund-html/demo/index-mp-layout4.html]
[html.kodesolution.com/2015/charityfund-html/demo/js/custom.js]
[html.kodesolution.com/2015/charityfund-html/demo/fonts/glyphicons-halflings-regular.eot]
[html.kodesolution.com/2015/charityfund-html/demo/fonts/glyphicons-halflings-regulard41d.eot]
[html.kodesolution.com/2015/charityfund-html/demo/fonts/glyphicons-halflings-regular.woff2]
[html.kodesolution.com/2015/charityfund-html/demo/fonts/glyphicons-halflings-regular.woff]
[html.kodesolution.com/2015/charityfund-html/demo/fonts/glyphicons-halflings-regular.ttf]
[html.kodesolution.com/2015/charityfund-html/demo/css/bootstrap.min.css]
[html.kodesolution.com/2015/charityfund-html/demo/fonts/glyphicons-halflings-regular.svg]
[html.kodesolution.com/2015/charityfund-html/demo/css/images/ui-icons_444444_256x240.png]
[html.kodesolution.com/2015/charityfund-html/demo/css/images/ui-icons_777777_256x240.png]
[html.kodesolution.com/2015/charityfund-html/demo/css/images/ui-icons_555555_256x240.png]
[html.kodesolution.com/2015/charityfund-html/demo/css/images/ui-icons_ffffff_256x240.png]
[html.kodesolution.com/2015/charityfund-html/demo/css/images/ui-icons_777620_256x240.png]
[html.kodesolution.com/2015/charityfund-html/demo/css/images/ui-icons_cc0000_256x240.png]
[html.kodesolution.com/2015/charityfund-html/demo/css/jquery-ui.min.css]
[html.kodesolution.com/2015/charityfund-html/demo/css/animate.css]
[html.kodesolution.com/2015/charityfund-html/demo/css/owl.video.play.png]
[html.kodesolution.com/2015/charityfund-html/demo/css/fonts/flexslider-icon.eot]
[html.kodesolution.com/2015/charityfund-html/demo/css/fonts/flexslider-icond41d.eot]
[html.kodesolution.com/2015/charityfund-html/demo/css/fonts/flexslider-icon.woff]
[html.kodesolution.com/2015/charityfund-html/demo/css/fonts/flexslider-icon.ttf]
[html.kodesolution.com/2015/charityfund-html/demo/css/fonts/flexslider-icon.svg]
[html.kodesolution.com/2015/charityfund-html/demo/css/lightbox/close.png]
[html.kodesolution.com/2015/charityfund-html/demo/css/lightbox/loading.gif]
[html.kodesolution.com/2015/charityfund-html/demo/css/lightbox/prev.png]
[html.kodesolution.com/2015/charityfund-html/demo/css/lightbox/next.png]
[html.kodesolution.com/2015/charityfund-html/demo/css/bxslider/images/bx_loader.gif]
[html.kodesolution.com/2015/charityfund-html/demo/css/bxslider/images/arrow-left.png]
[html.kodesolution.com/2015/charityfund-html/demo/css/bxslider/images/arrow-right.png]
[html.kodesolution.com/2015/charityfund-html/demo/css/prettyPhoto/default/sprite.png]
[html.kodesolution.com/2015/charityfund-html/demo/css/prettyPhoto/default/sprite_x.png]
[html.kodesolution.com/2015/charityfund-html/demo/css/prettyPhoto/default/sprite_y.png]
[html.kodesolution.com/2015/charityfund-html/demo/css/prettyPhoto/default/sprite_next.png]
[html.kodesolution.com/2015/charityfund-html/demo/css/prettyPhoto/default/sprite_prev.png]
[html.kodesolution.com/2015/charityfund-html/demo/css/prettyPhoto/default/default_thumb.png]
[html.kodesolution.com/2015/charityfund-html/demo/css/prettyPhoto/default/loader.gif]
[html.kodesolution.com/2015/charityfund-html/demo/css/prettyPhoto/light_rounded/sprite.png]
[html.kodesolution.com/2015/charityfund-html/demo/css/prettyPhoto/light_rounded/btnNext.png]
[html.kodesolution.com/2015/charityfund-html/demo/css/prettyPhoto/light_rounded/btnPrevious.png]
[html.kodesolution.com/2015/charityfund-html/demo/css/prettyPhoto/dark_rounded/sprite.png]
[html.kodesolution.com/2015/charityfund-html/demo/css/prettyPhoto/dark_rounded/contentPattern.png]
[html.kodesolution.com/2015/charityfund-html/demo/css/prettyPhoto/dark_rounded/btnNext.png]
[html.kodesolution.com/2015/charityfund-html/demo/css/prettyPhoto/dark_rounded/btnPrevious.png]
[html.kodesolution.com/2015/charityfund-html/demo/css/prettyPhoto/dark_rounded/loader.gif]
[html.kodesolution.com/2015/charityfund-html/demo/css/prettyPhoto/dark_square/loader.gif]
[html.kodesolution.com/2015/charityfund-html/demo/css/prettyPhoto/dark_square/sprite.png]
[html.kodesolution.com/2015/charityfund-html/demo/css/prettyPhoto/dark_square/btnNext.png]
[html.kodesolution.com/2015/charityfund-html/demo/css/prettyPhoto/dark_square/btnPrevious.png]
[html.kodesolution.com/2015/charityfund-html/demo/css/prettyPhoto/light_square/sprite.png]
[html.kodesolution.com/2015/charityfund-html/demo/css/prettyPhoto/light_square/btnNext.png]
[html.kodesolution.com/2015/charityfund-html/demo/css/prettyPhoto/light_square/btnPrevious.png]
[html.kodesolution.com/2015/charityfund-html/demo/css/prettyPhoto/facebook/sprite.png]
[html.kodesolution.com/2015/charityfund-html/demo/css/prettyPhoto/facebook/contentPatternTop.png]
[html.kodesolution.com/2015/charityfund-html/demo/css/prettyPhoto/facebook/contentPatternLeft.png]
[html.kodesolution.com/2015/charityfund-html/demo/css/prettyPhoto/facebook/contentPatternRight.png]
[html.kodesolution.com/2015/charityfund-html/demo/css/prettyPhoto/facebook/loader.gif]
[html.kodesolution.com/2015/charityfund-html/demo/css/prettyPhoto/facebook/btnNext.png]
[html.kodesolution.com/2015/charityfund-html/demo/css/prettyPhoto/facebook/btnPrevious.png]
[html.kodesolution.com/2015/charityfund-html/demo/css/prettyPhoto/facebook/contentPatternBottom.png]
[html.kodesolution.com/2015/charityfund-html/demo/css/prettyPhoto/facebook/default_thumbnail.gif]
[html.kodesolution.com/2015/charityfund-html/demo/css/prettyPhoto/light_rounded/loader.gif]
[html.kodesolution.com/2015/charityfund-html/demo/css/css-plugin-collections.css]
[html.kodesolution.com/2015/charityfund-html/demo/css/menuzord-skins/menuzord-boxed.css]
[html.kodesolution.com/2015/charityfund-html/demo/css/font-awesome.min.css]
[html.kodesolution.com/2015/charityfund-html/demo/css/font-awesome-animation.min.css]
[html.kodesolution.com/2015/charityfund-html/demo/css/pe-icon-7-stroke.css]
[html.kodesolution.com/2015/charityfund-html/demo/css/flaticon-set-charity.css]
[fonts.googleapis.com/css758b.css]
[fonts.googleapis.com/css595b.css]
[html.kodesolution.com/2015/charityfund-html/demo/images/pattern1.png]
[html.kodesolution.com/2015/charityfund-html/demo/images/pattern2.png]
[html.kodesolution.com/2015/charityfund-html/demo/images/pattern3.png]
[html.kodesolution.com/2015/charityfund-html/demo/images/close.png]
[html.kodesolution.com/2015/charityfund-html/demo/images/shadow-overlay.png]
[html.kodesolution.com/2015/charityfund-html/demo/images/title-dots.png]
[html.kodesolution.com/2015/charityfund-html/demo/css/style-main.css]
[html.kodesolution.com/2015/charityfund-html/demo/css/preloader.css]
[html.kodesolution.com/2015/charityfund-html/demo/css/custom-bootstrap-margin-padding.css]
[html.kodesolution.com/2015/charityfund-html/demo/css/responsive.css]
[html.kodesolution.com/2015/charityfund-html/demo/css/colors/theme-skin-yellow.css]
[html.kodesolution.com/2015/charityfund-html/demo/js/revolution-slider/css/settings.css]
[html.kodesolution.com/2015/charityfund-html/demo/js/revolution-slider/css/layers.css]
[html.kodesolution.com/2015/charityfund-html/demo/js/revolution-slider/css/navigation.css]
[html.kodesolution.com/2015/charityfund-html/demo/js/jquery-2.2.4.min.js]
[html.kodesolution.com/2015/charityfund-html/demo/js/revolution-slider/js/jquery.themepunch.tools.min.js]
[html.kodesolution.com/2015/charityfund-html/demo/js/revolution-slider/js/jquery.themepunch.revolution.min.js]
[html.kodesolution.com/2015/charityfund-html/demo/images/bg/bg6.jpg]
[html.kodesolution.com/2015/charityfund-html/demo/images/bg/bg5.jpg]
[html.kodesolution.com/2015/charityfund-html/demo/images/gallery/gallery-md1.jpg]
[html.kodesolution.com/2015/charityfund-html/demo/images/gallery/gallery-md2.jpg]
[html.kodesolution.com/2015/charityfund-html/demo/images/gallery/gallery-md3.jpg]
[html.kodesolution.com/2015/charityfund-html/demo/images/gallery/gallery-md4.jpg]
[html.kodesolution.com/2015/charityfund-html/demo/images/gallery/gallery-md5.jpg]
[html.kodesolution.com/2015/charityfund-html/demo/images/gallery/gallery-md6.jpg]
[html.kodesolution.com/2015/charityfund-html/demo/images/gallery/gallery-md7.jpg]
[html.kodesolution.com/2015/charityfund-html/demo/images/gallery/gallery-md8.jpg]
[html.kodesolution.com/2015/charityfund-html/demo/images/gallery/gallery-md9.jpg]
[html.kodesolution.com/2015/charityfund-html/demo/images/gallery/gallery-md10.jpg]
[html.kodesolution.com/2015/charityfund-html/demo/images/gallery/gallery-md11.jpg]
[html.kodesolution.com/2015/charityfund-html/demo/images/gallery/gallery-md12.jpg]
[html.kodesolution.com/2015/charityfund-html/demo/images/gallery/gallery-md13.jpg]
[html.kodesolution.com/2015/charityfund-html/demo/images/gallery/gallery-md14.jpg]
[html.kodesolution.com/2015/charityfund-html/demo/images/gallery/gallery-md15.jpg]
[html.kodesolution.com/2015/charityfund-html/demo/js/revolution-slider/js/extensions/revolution.extension.actions.min.js]
[html.kodesolution.com/2015/charityfund-html/demo/js/revolution-slider/js/extensions/revolution.extension.carousel.min.js]
[html.kodesolution.com/2015/charityfund-html/demo/js/revolution-slider/js/extensions/revolution.extension.kenburn.min.js]
[html.kodesolution.com/2015/charityfund-html/demo/js/revolution-slider/js/extensions/revolution.extension.layeranimation.min.js]
[html.kodesolution.com/2015/charityfund-html/demo/js/revolution-slider/js/extensions/revolution.extension.migration.min.js]
[html.kodesolution.com/2015/charityfund-html/demo/js/revolution-slider/js/extensions/revolution.extension.navigation.min.js]
[html.kodesolution.com/2015/charityfund-html/demo/js/revolution-slider/js/extensions/revolution.extension.parallax.min.js]
[html.kodesolution.com/2015/charityfund-html/demo/js/revolution-slider/js/extensions/revolution.extension.slideanims.min.js]
[html.kodesolution.com/2015/charityfund-html/demo/index-mp-layout1.html]
[html.kodesolution.com/2015/charityfund-html/demo/js/revolution-slider/js/extensions/revolution.extension.video.min.js]
[html.kodesolution.com/2015/charityfund-html/demo/images/bg/bg3.jpg]
[html.kodesolution.com/2015/charityfund-html/demo/index-mp-layout2.html]
[via.placeholder.com/80x55.png]
[html.kodesolution.com/2015/charityfund-html/demo/index-mp-layout3.html]
[html.kodesolution.com/2015/charityfund-html/demo/index-mp-layout5.html]
[www.flickr.com/badge_code_v2.307b686.delayed]
[html.kodesolution.com/2015/charityfund-html/demo/index-mp-layout6.html]
[html.kodesolution.com/2015/charityfund-html/demo/news-1-column.308.delayed]
[html.kodesolution.com/2015/charityfund-html/demo/news-2-column.html]
[html.kodesolution.com/2015/charityfund-html/demo/news-3-column.html]
[html.kodesolution.com/2015/charityfund-html/demo/news-single-right-sidebar.html]
[html.kodesolution.com/2015/charityfund-html/demo/news-single-left-sidebar.html]
[html.kodesolution.com/2015/charityfund-html/demo/news-single-no-sidebar.html]
[html.kodesolution.com/2015/charityfund-html/demo/images/photos/1.png]
[html.kodesolution.com/2015/charityfund-html/demo/images/bg/bg10.jpg]
[html.kodesolution.com/2015/charityfund-html/demo/images/bg/bg9.jpg]
[html.kodesolution.com/2015/charityfund-html/demo/index-mp-layout7.html]
[html.kodesolution.com/2015/charityfund-html/demo/index-mp-layout8.html]
[html.kodesolution.com/2015/charityfund-html/demo/index-sp-layout1.html]
[html.kodesolution.com/cdn-cgi/l/email-protection.html]
[html.kodesolution.com/2015/charityfund-html/demo/index-sp-layout2.html]
[html.kodesolution.com/2015/charityfund-html/demo/index-sp-layout3.html]
[html.kodesolution.com/2015/charityfund-html/demo/index-sp-layout4.html]
[html.kodesolution.com/2015/charityfund-html/demo/index-sp-layout5.html]
[html.kodesolution.com/2015/charityfund-html/demo/index-sp-layout6.html]
[html.kodesolution.com/2015/charityfund-html/demo/index-sp-layout7.html]
[html.kodesolution.com/2015/charityfund-html/demo/index-sp-layout8.html]
[html.kodesolution.com/2015/charityfund-html/demo/index-boxed-mp-layout1.html]
[html.kodesolution.com/2015/charityfund-html/demo/index-boxed-mp-layout2.html]
[www.google.com/maps/embede532.html]
[html.kodesolution.com/2015/charityfund-html/demo/page-practice-area1-2column.html]
[html.kodesolution.com/2015/charityfund-html/demo/page-practice-area1-3column.html]
[html.kodesolution.com/2015/charityfund-html/demo/page-practice-area1-4column.html]
[html.kodesolution.com/2015/charityfund-html/demo/page-practice-area2-2column.html]
[html.kodesolution.com/2015/charityfund-html/demo/page-practice-area2-3column.html]
[html.kodesolution.com/2015/charityfund-html/demo/page-practice-area2-4column.html]
[html.kodesolution.com/2015/charityfund-html/demo/page-practice-area3-3column.html]
[html.kodesolution.com/2015/charityfund-html/demo/page-practice-area3-4column.html]
[html.kodesolution.com/2015/charityfund-html/demo/page-practice-area-details.html]
[html.kodesolution.com/2015/charityfund-html/demo/shop-login-register.html]
[html.kodesolution.com/2015/charityfund-html/demo/index-boxed-mp-layout3.html]
[html.kodesolution.com/2015/charityfund-html/demo/index-boxed-mp-layout4.html]
[html.kodesolution.com/2015/charityfund-html/demo/index-boxed-mp-layout5.html]
[html.kodesolution.com/2015/charityfund-html/demo/index-boxed-mp-layout6.html]
[html.kodesolution.com/2015/charityfund-html/demo/index-boxed-mp-layout7.html]
[html.kodesolution.com/2015/charityfund-html/demo/index-boxed-mp-layout8.html]
[html.kodesolution.com/2015/charityfund-html/demo/index-boxed-sp-layout1.html]
[html.kodesolution.com/2015/charityfund-html/demo/index-boxed-sp-layout2.html]
[html.kodesolution.com/2015/charityfund-html/demo/index-boxed-sp-layout3.html]
[html.kodesolution.com/2015/charityfund-html/demo/index-boxed-sp-layout4.html]
[html.kodesolution.com/2015/charityfund-html/demo/index-boxed-sp-layout5.html]
[html.kodesolution.com/2015/charityfund-html/demo/index-boxed-sp-layout6.html]
[html.kodesolution.com/2015/charityfund-html/demo/index-boxed-sp-layout7.html]
[html.kodesolution.com/2015/charityfund-html/demo/index-boxed-sp-layout8.html]
[html.kodesolution.com/2015/charityfund-html/demo/index-menu-full-page-mp.html]
[html.kodesolution.com/2015/charityfund-html/demo/index-menu-full-page-sp.html]
[html.kodesolution.com/2015/charityfund-html/demo/boxed-mp-layout1.html]
[html.kodesolution.com/2015/charityfund-html/demo/boxed-mp-layout2.html]
[html.kodesolution.com/2015/charityfund-html/demo/boxed-mp-layout3.html]
[html.kodesolution.com/2015/charityfund-html/demo/boxed-mp-layout4.html]
[html.kodesolution.com/2015/charityfund-html/demo/boxed-mp-layout5.html]
[html.kodesolution.com/2015/charityfund-html/demo/boxed-mp-layout6.html]
[html.kodesolution.com/2015/charityfund-html/demo/boxed-sp-layout1.html]
[html.kodesolution.com/2015/charityfund-html/demo/boxed-sp-layout2.html]
[html.kodesolution.com/2015/charityfund-html/demo/boxed-sp-layout3.html]
[html.kodesolution.com/2015/charityfund-html/demo/boxed-sp-layout4.html]
[html.kodesolution.com/2015/charityfund-html/demo/boxed-sp-layout5.html]
[html.kodesolution.com/2015/charityfund-html/demo/boxed-sp-layout6.html]
[html.kodesolution.com/2015/charityfund-html/demo/features-preloader-style1.html]
[html.kodesolution.com/2015/charityfund-html/demo/features-preloader-style2.html]
[html.kodesolution.com/2015/charityfund-html/demo/features-preloader-style3.html]
[html.kodesolution.com/2015/charityfund-html/demo/features-preloader-style4.html]
[html.kodesolution.com/2015/charityfund-html/demo/features-side-push-panel-style1.html]
[html.kodesolution.com/2015/charityfund-html/demo/features-side-push-panel-style2.html]
[html.kodesolution.com/2015/charityfund-html/demo/features-side-push-panel-style3.html]
[html.kodesolution.com/2015/charityfund-html/demo/features-side-push-panel-style4.html]
[html.kodesolution.com/2015/charityfund-html/demo/index-vertical-nav-layout-mp.html]
[html.kodesolution.com/2015/charityfund-html/demo/index-vertical-nav-layout-sp.html]
[html.kodesolution.com/2015/charityfund-html/demo/images/magazine/lg2.jpg]
[html.kodesolution.com/2015/charityfund-html/demo/images/magazine/wn2-md1.jpg]
[html.kodesolution.com/2015/charityfund-html/demo/images/magazine/wn2-md2.jpg]
[html.kodesolution.com/2015/charityfund-html/demo/images/magazine/wn2-sm1.jpg]
[html.kodesolution.com/2015/charityfund-html/demo/images/magazine/wn2-sm2.jpg]
[html.kodesolution.com/2015/charityfund-html/demo/images/magazine/wn2-sm3.jpg]
[html.kodesolution.com/2015/charityfund-html/demo/images/magazine/wn2-sm4.jpg]
[html.kodesolution.com/2015/charityfund-html/demo/images/magazine/fn-md1.jpg]
[html.kodesolution.com/2015/charityfund-html/demo/images/magazine/fn-md2.jpg]
[html.kodesolution.com/2015/charityfund-html/demo/images/magazine/fn-md3.jpg]
[html.kodesolution.com/2015/charityfund-html/demo/images/magazine/fn-md4.jpg]
[html.kodesolution.com/2015/charityfund-html/demo/images/magazine/hn2-lg1.jpg]
[html.kodesolution.com/2015/charityfund-html/demo/images/magazine/tn-lg2.jpg]
[html.kodesolution.com/2015/charityfund-html/demo/images/magazine/on-sm1.jpg]
[html.kodesolution.com/2015/charityfund-html/demo/images/magazine/on-sm2.jpg]
[html.kodesolution.com/2015/charityfund-html/demo/images/magazine/on-sm3.jpg]
[html.kodesolution.com/2015/charityfund-html/demo/images/magazine/on-sm4.jpg]
[html.kodesolution.com/2015/charityfund-html/demo/images/magazine/wn-sm1.jpg]
[html.kodesolution.com/2015/charityfund-html/demo/images/magazine/wn-sm2.jpg]
[html.kodesolution.com/2015/charityfund-html/demo/images/magazine/wn-sm4.jpg]
[html.kodesolution.com/2015/charityfund-html/demo/images/magazine/banner-ads2.jpg]
[html.kodesolution.com/2015/charityfund-html/demo/images/magazine/wn-lg1.jpg]
[html.kodesolution.com/2015/charityfund-html/demo/images/magazine/wn-lg2.jpg]
[html.kodesolution.com/2015/charityfund-html/demo/images/magazine/wn-lg4.jpg]
[html.kodesolution.com/2015/charityfund-html/demo/index-hot-magazine-home-layout1.html]
[html.kodesolution.com/2015/charityfund-html/demo/images/magazine/featured-img1.jpg]
[html.kodesolution.com/2015/charityfund-html/demo/images/magazine/featured-img2.jpg]
[html.kodesolution.com/2015/charityfund-html/demo/images/magazine/featured-img3.jpg]
[html.kodesolution.com/2015/charityfund-html/demo/images/magazine/featured-img4.jpg]
[html.kodesolution.com/2015/charityfund-html/demo/index-hot-magazine-home-layout2.html]
[html.kodesolution.com/2015/charityfund-html/demo/images/portfolio/h1.jpg]
[html.kodesolution.com/2015/charityfund-html/demo/images/portfolio/h2.jpg]
[html.kodesolution.com/2015/charityfund-html/demo/images/portfolio/h3.jpg]
[html.kodesolution.com/2015/charityfund-html/demo/index-hot-portfolio-presentation-layout1.html]
[html.kodesolution.com/2015/charityfund-html/demo/images/portfolio/w1.jpg]
[html.kodesolution.com/2015/charityfund-html/demo/images/portfolio/h4.jpg]
[www.youtube.com/watchb87b.html]
[vimeo.com/45830194.html]
[html.kodesolution.com/2015/charityfund-html/demo/images/portfolio/w2.jpg]
[html.kodesolution.com/2015/charityfund-html/demo/index-hot-portfolio-presentation-layout2.html]
[html.kodesolution.com/2015/charityfund-html/demo/index-hot-portfolio-presentation-layout3.html]
[html.kodesolution.com/2015/charityfund-html/demo/js/fullpage-slider/jquery.fullpage.css]
[html.kodesolution.com/2015/charityfund-html/demo/index-hot-slider-fullpage-home.html]
[html.kodesolution.com/2015/charityfund-html/demo/js/fullpage-slider/jquery.fullpage.min.js]
[html.kodesolution.com/2015/charityfund-html/demo/images/blog/4.jpg]
[html.kodesolution.com/2015/charityfund-html/demo/images/blog/sm1.jpg]
[html.kodesolution.com/2015/charityfund-html/demo/images/blog/sm2.jpg]
[html.kodesolution.com/2015/charityfund-html/demo/index-hot-parallax-home-layout1.html]
[html.kodesolution.com/2015/charityfund-html/demo/index-hot-parallax-home-layout2.html]
[html.kodesolution.com/2015/charityfund-html/demo/index-hot-personal-home-layout1.html]
[html.kodesolution.com/2015/charityfund-html/demo/index-hot-personal-home-layout2.html]
[html.kodesolution.com/2015/charityfund-html/demo/ajax-load/modal-contact-form.html]
[html.kodesolution.com/2015/charityfund-html/demo/js/vertical-timeline/img/cd-icon-picture.svg]
[html.kodesolution.com/2015/charityfund-html/demo/js/vertical-timeline/img/cd-icon-movie.svg]
[html.kodesolution.com/2015/charityfund-html/demo/js/vertical-timeline/img/cd-icon-location.svg]
[html.kodesolution.com/2015/charityfund-html/demo/images/portfolio/1.jpg]
[html.kodesolution.com/2015/charityfund-html/demo/images/portfolio/2.jpg]
[html.kodesolution.com/2015/charityfund-html/demo/images/portfolio/3.jpg]
[html.kodesolution.com/2015/charityfund-html/demo/images/portfolio/4.jpg]
[html.kodesolution.com/2015/charityfund-html/demo/images/portfolio/5.jpg]
[html.kodesolution.com/2015/charityfund-html/demo/images/portfolio/6.jpg]
[html.kodesolution.com/2015/charityfund-html/demo/images/portfolio/7.jpg]
[html.kodesolution.com/2015/charityfund-html/demo/images/portfolio/8.jpg]
[html.kodesolution.com/2015/charityfund-html/demo/images/portfolio/9.jpg]
[html.kodesolution.com/2015/charityfund-html/demo/images/portfolio/10.jpg]
[html.kodesolution.com/2015/charityfund-html/demo/images/portfolio/11.jpg]
[html.kodesolution.com/2015/charityfund-html/demo/images/portfolio/12.jpg]
[html.kodesolution.com/2015/charityfund-html/demo/images/blog/ln1.jpg]
[html.kodesolution.com/2015/charityfund-html/demo/images/blog/ln2.jpg]
[html.kodesolution.com/2015/charityfund-html/demo/images/blog/ln3.jpg]
[html.kodesolution.com/2015/charityfund-html/demo/index-hot-personal-home-layout3.html]
[html.kodesolution.com/2015/charityfund-html/demo/index-hot-split-slider-home.html]
[html.kodesolution.com/2015/charityfund-html/demo/index-hot-vertical-slider-home.html]
[html.kodesolution.com/2015/charityfund-html/demo/index-hot-fullscreen-home.html]
[html.kodesolution.com/2015/charityfund-html/demo/index-hot-parallax-home.html]
[html.kodesolution.com/2015/charityfund-html/demo/index-hot-personal-home.html]
[html.kodesolution.com/2015/charityfund-html/demo/images/products/1.jpg]
[html.kodesolution.com/2015/charityfund-html/demo/images/products/2.jpg]
[html.kodesolution.com/2015/charityfund-html/demo/images/products/3.jpg]
[html.kodesolution.com/2015/charityfund-html/demo/images/products/4.jpg]
[html.kodesolution.com/2015/charityfund-html/demo/images/products/5.jpg]
[html.kodesolution.com/2015/charityfund-html/demo/images/products/6.jpg]
[html.kodesolution.com/2015/charityfund-html/demo/images/products/7.jpg]
[html.kodesolution.com/2015/charityfund-html/demo/images/products/8.jpg]
[html.kodesolution.com/2015/charityfund-html/demo/images/products/shop1.png]
[html.kodesolution.com/2015/charityfund-html/demo/index-hot-shop-home.html]
[html.kodesolution.com/2015/charityfund-html/demo/index-hot-slider-split-home-layout1.html]
[html.kodesolution.com/2015/charityfund-html/demo/js/multiscroll-slider/jquery.multiscroll.min.js]
[html.kodesolution.com/2015/charityfund-html/demo/images/portfolio/s5.jpg]
[html.kodesolution.com/2015/charityfund-html/demo/images/portfolio/s4.jpg]
[html.kodesolution.com/2015/charityfund-html/demo/index-hot-slider-split-home-layout2.html]
[html.kodesolution.com/2015/charityfund-html/demo/ajax-load/reservation-form.html]
[html.kodesolution.com/2015/charityfund-html/demo/index-hot-vertical-rev-slider-home-layout1.html]
[html.kodesolution.com/2015/charityfund-html/demo/index-hot-vertical-rev-slider-home-layout2.html]
[html.kodesolution.com/2015/charityfund-html/demo/index-home-variation-revslider-style1.html]
[html.kodesolution.com/2015/charityfund-html/demo/index-home-variation-revslider-style2.html]
[html.kodesolution.com/2015/charityfund-html/demo/index-home-variation-revslider-style3.html]
[html.kodesolution.com/2015/charityfund-html/demo/js/layerslider/css/layerslider.css]
[html.kodesolution.com/2015/charityfund-html/demo/js/layerslider/js/greensock.js]
[html.kodesolution.com/2015/charityfund-html/demo/js/layerslider/js/layerslider.transitions.js]
[html.kodesolution.com/2015/charityfund-html/demo/js/layerslider/js/layerslider.kreaturamedia.jquery.js]
[html.kodesolution.com/2015/charityfund-html/demo/images/layerslider-sliderimages/bg.jpg]
[html.kodesolution.com/2015/charityfund-html/demo/images/layerslider-sliderimages/slide-d-5-5.png]
[html.kodesolution.com/2015/charityfund-html/demo/images/layerslider-sliderimages/slide-d-5-6.png]
[html.kodesolution.com/2015/charityfund-html/demo/images/layerslider-sliderimages/slide-d-5-4.png]
[html.kodesolution.com/2015/charityfund-html/demo/images/layerslider-sliderimages/slide-d-5-3.png]
[html.kodesolution.com/2015/charityfund-html/demo/images/layerslider-sliderimages/slide-d-5-1.png]
[html.kodesolution.com/2015/charityfund-html/demo/images/layerslider-sliderimages/slide-d-5-2.png]
[html.kodesolution.com/2015/charityfund-html/demo/images/layerslider-sliderimages/bg4.jpg]
[html.kodesolution.com/2015/charityfund-html/demo/images/layerslider-sliderimages/slide-a-1.png]
[html.kodesolution.com/2015/charityfund-html/demo/images/layerslider-sliderimages/slide-a-2.png]
[html.kodesolution.com/2015/charityfund-html/demo/images/layerslider-sliderimages/slide-a-3.png]
[html.kodesolution.com/2015/charityfund-html/demo/images/layerslider-sliderimages/slide-a-4.png]
[html.kodesolution.com/2015/charityfund-html/demo/images/layerslider-sliderimages/slide-a-6.png]
[html.kodesolution.com/2015/charityfund-html/demo/images/layerslider-sliderimages/slide-a-5.png]
[html.kodesolution.com/2015/charityfund-html/demo/images/layerslider-sliderimages/feature-responsive.png]
[html.kodesolution.com/2015/charityfund-html/demo/images/layerslider-sliderimages/feature-layers.png]
[html.kodesolution.com/2015/charityfund-html/demo/images/layerslider-sliderimages/feature-mobile.png]
[html.kodesolution.com/2015/charityfund-html/demo/images/layerslider-sliderimages/feature-options.png]
[html.kodesolution.com/2015/charityfund-html/demo/images/layerslider-sliderimages/feature-performance.png]
